[ +394 ms] Artifact Instance of 'MaterialFonts' is not required, skipping update.
[   +1 ms] Artifact Instance of 'GradleWrapper' is not required, skipping update.
[        ] Artifact Instance of 'AndroidGenSnapshotArtifacts' is not required, skipping update.
[        ] Artifact Instance of 'AndroidInternalBuildArtifacts' is not required, skipping update.
[        ] Artifact Instance of 'IOSEngineArtifacts' is not required, skipping update.
[        ] Artifact Instance of 'FlutterWebSdk' is not required, skipping update.
[        ] Artifact Instance of 'LegacyCanvasKitRemover' is not required, skipping update.
[        ] Artifact Instance of 'FlutterSdk' is not required, skipping update.
[        ] Artifact Instance of 'WindowsEngineArtifacts' is not required, skipping update.
[        ] Artifact Instance of 'MacOSEngineArtifacts' is not required, skipping update.
[        ] Artifact Instance of 'LinuxEngineArtifacts' is not required, skipping update.
[        ] Artifact Instance of 'LinuxFuchsiaSDKArtifacts' is not required, skipping update.
[        ] Artifact Instance of 'MacOSFuchsiaSDKArtifacts' is not required, skipping update.
[        ] Artifact Instance of 'FlutterRunnerSDKArtifacts' is not required, skipping update.
[        ] Artifact Instance of 'FlutterRunnerDebugSymbols' is not required, skipping update.
[        ] Artifact Instance of 'IosUsbArtifacts' is not required, skipping update.
[        ] Artifact Instance of 'IosUsbArtifacts' is not required, skipping update.
[        ] Artifact Instance of 'IosUsbArtifacts' is not required, skipping update.
[        ] Artifact Instance of 'IosUsbArtifacts' is not required, skipping update.
[        ] Artifact Instance of 'IosUsbArtifacts' is not required, skipping update.
[        ] Artifact Instance of 'IosUsbArtifacts' is not required, skipping update.
[        ] Artifact Instance of 'FontSubsetArtifacts' is not required, skipping update.
[        ] Artifact Instance of 'PubDependencies' is not required, skipping update.
[        ] executing: [C:\Users\Study\flutter\flutter/] git -c log.showSignature=false log HEAD -n 1 --pretty=format:%ad --date=iso
[ +102 ms] Exit code 0 from: git -c log.showSignature=false log HEAD -n 1 --pretty=format:%ad --date=iso
[        ] 2026-02-18 13:54:59 -0800
[  +14 ms] Artifact Instance of 'AndroidGenSnapshotArtifacts' is not required, skipping update.
[        ] Artifact Instance of 'AndroidInternalBuildArtifacts' is not required, skipping update.
[        ] Artifact Instance of 'IOSEngineArtifacts' is not required, skipping update.
[        ] Artifact Instance of 'FlutterWebSdk' is not required, skipping update.
[        ] Artifact Instance of 'FlutterEngineStamp' is not required, skipping update.
[        ] Artifact Instance of 'LegacyCanvasKitRemover' is not required, skipping update.
[   +2 ms] Artifact Instance of 'WindowsEngineArtifacts' is not required, skipping update.
[        ] Artifact Instance of 'MacOSEngineArtifacts' is not required, skipping update.
[        ] Artifact Instance of 'LinuxEngineArtifacts' is not required, skipping update.
[        ] Artifact Instance of 'LinuxFuchsiaSDKArtifacts' is not required, skipping update.
[        ] Artifact Instance of 'MacOSFuchsiaSDKArtifacts' is not required, skipping update.
[        ] Artifact Instance of 'FlutterRunnerSDKArtifacts' is not required, skipping update.
[        ] Artifact Instance of 'FlutterRunnerDebugSymbols' is not required, skipping update.
[  +58 ms] Artifact Instance of 'MaterialFonts' is not required, skipping update.
[        ] Artifact Instance of 'GradleWrapper' is not required, skipping update.
[        ] Artifact Instance of 'AndroidGenSnapshotArtifacts' is not required, skipping update.
[        ] Artifact Instance of 'AndroidInternalBuildArtifacts' is not required, skipping update.
[        ] Artifact Instance of 'IOSEngineArtifacts' is not required, skipping update.
[        ] Artifact Instance of 'FlutterWebSdk' is not required, skipping update.
[        ] Artifact Instance of 'FlutterEngineStamp' is not required, skipping update.
[        ] Artifact Instance of 'LegacyCanvasKitRemover' is not required, skipping update.
[        ] Artifact Instance of 'FlutterSdk' is not required, skipping update.
[   +1 ms] Artifact Instance of 'MacOSEngineArtifacts' is not required, skipping update.
[        ] Artifact Instance of 'LinuxEngineArtifacts' is not required, skipping update.
[        ] Artifact Instance of 'LinuxFuchsiaSDKArtifacts' is not required, skipping update.
[        ] Artifact Instance of 'MacOSFuchsiaSDKArtifacts' is not required, skipping update.
[        ] Artifact Instance of 'FlutterRunnerSDKArtifacts' is not required, skipping update.
[        ] Artifact Instance of 'FlutterRunnerDebugSymbols' is not required, skipping update.
[        ] Artifact Instance of 'IosUsbArtifacts' is not required, skipping update.
[        ] Artifact Instance of 'IosUsbArtifacts' is not required, skipping update.
[        ] Artifact Instance of 'IosUsbArtifacts' is not required, skipping update.
[        ] Artifact Instance of 'IosUsbArtifacts' is not required, skipping update.
[        ] Artifact Instance of 'IosUsbArtifacts' is not required, skipping update.
[        ] Artifact Instance of 'IosUsbArtifacts' is not required, skipping update.
[        ] Artifact Instance of 'FontSubsetArtifacts' is not required, skipping update.
[        ] Artifact Instance of 'PubDependencies' is not required, skipping update.
[  +54 ms] Skipping pub get: version match.
[ +340 ms] Found plugin window_manager at C:\Users\Study\AppData\Local\Pub\Cache\hosted\pub.dev\window_manager-0.4.3\
[   +5 ms] Found plugin screen_retriever at C:\Users\Study\AppData\Local\Pub\Cache\hosted\pub.dev\screen_retriever-0.2.0\
[   +3 ms] Found plugin screen_retriever_windows at C:\Users\Study\AppData\Local\Pub\Cache\hosted\pub.dev\screen_retriever_windows-0.2.0\
[  +10 ms] Found plugin screen_retriever_macos at C:\Users\Study\AppData\Local\Pub\Cache\hosted\pub.dev\screen_retriever_macos-0.2.0\
[   +1 ms] Found plugin screen_retriever_linux at C:\Users\Study\AppData\Local\Pub\Cache\hosted\pub.dev\screen_retriever_linux-0.2.0\
[   +2 ms] Found plugin webview_windows at C:\Users\Study\AppData\Local\Pub\Cache\hosted\pub.dev\webview_windows-0.2.2\
[   +7 ms] Found plugin wakelock_plus at C:\Users\Study\AppData\Local\Pub\Cache\hosted\pub.dev\wakelock_plus-1.5.2\
[  +20 ms] Found plugin package_info_plus at C:\Users\Study\AppData\Local\Pub\Cache\hosted\pub.dev\package_info_plus-9.0.1\
[  +12 ms] Found plugin video_thumbnail at C:\Users\Study\AppData\Local\Pub\Cache\hosted\pub.dev\video_thumbnail-0.5.6\
[   +2 ms] Found plugin video_player at C:\Users\Study\AppData\Local\Pub\Cache\hosted\pub.dev\video_player-2.11.1\
[   +1 ms] Found plugin video_player_web at C:\Users\Study\AppData\Local\Pub\Cache\hosted\pub.dev\video_player_web-2.4.0\
[   +3 ms] Found plugin video_player_avfoundation at C:\Users\Study\AppData\Local\Pub\Cache\hosted\pub.dev\video_player_avfoundation-2.9.4\
[   +5 ms] Found plugin video_player_android at C:\Users\Study\AppData\Local\Pub\Cache\hosted\pub.dev\video_player_android-2.9.5\
[  +11 ms] Found plugin url_launcher at C:\Users\Study\AppData\Local\Pub\Cache\hosted\pub.dev\url_launcher-6.3.2\
[   +4 ms] Found plugin url_launcher_windows at C:\Users\Study\AppData\Local\Pub\Cache\hosted\pub.dev\url_launcher_windows-3.1.5\
[   +3 ms] Found plugin url_launcher_web at C:\Users\Study\AppData\Local\Pub\Cache\hosted\pub.dev\url_launcher_web-2.4.2\
[   +4 ms] Found plugin url_launcher_macos at C:\Users\Study\AppData\Local\Pub\Cache\hosted\pub.dev\url_launcher_macos-3.2.5\
[   +2 ms] Found plugin url_launcher_linux at C:\Users\Study\AppData\Local\Pub\Cache\hosted\pub.dev\url_launcher_linux-3.2.2\
[   +2 ms] Found plugin url_launcher_ios at C:\Users\Study\AppData\Local\Pub\Cache\hosted\pub.dev\url_launcher_ios-6.4.1\
[   +1 ms] Found plugin url_launcher_android at C:\Users\Study\AppData\Local\Pub\Cache\hosted\pub.dev\url_launcher_android-6.3.29\
[   +5 ms] Found plugin syncfusion_flutter_pdfviewer at C:\Users\Study\AppData\Local\Pub\Cache\hosted\pub.dev\syncfusion_flutter_pdfviewer-28.2.12\
[   +3 ms] Found plugin syncfusion_pdfviewer_windows at C:\Users\Study\AppData\Local\Pub\Cache\hosted\pub.dev\syncfusion_pdfviewer_windows-28.2.12\
[   +1 ms] Found plugin syncfusion_pdfviewer_web at C:\Users\Study\AppData\Local\Pub\Cache\hosted\pub.dev\syncfusion_pdfviewer_web-28.2.12\
[   +2 ms] Found plugin syncfusion_pdfviewer_macos at C:\Users\Study\AppData\Local\Pub\Cache\hosted\pub.dev\syncfusion_pdfviewer_macos-28.2.12\
[   +9 ms] Found plugin device_info_plus at C:\Users\Study\AppData\Local\Pub\Cache\hosted\pub.dev\device_info_plus-11.5.0\
[   +7 ms] Found plugin super_native_extensions at C:\Users\Study\AppData\Local\Pub\Cache\hosted\pub.dev\super_native_extensions-0.9.1\
[   +4 ms] Found plugin irondash_engine_context at C:\Users\Study\AppData\Local\Pub\Cache\hosted\pub.dev\irondash_engine_context-0.5.5\
[   +1 ms] Found plugin speech_to_text at C:\Users\Study\AppData\Local\Pub\Cache\hosted\pub.dev\speech_to_text-7.4.0\
[   +2 ms] Found plugin speech_to_text_windows at C:\Users\Study\AppData\Local\Pub\Cache\hosted\pub.dev\speech_to_text_windows-1.0.1\
[   +4 ms] Found plugin shared_preferences at C:\Users\Study\AppData\Local\Pub\Cache\hosted\pub.dev\shared_preferences-2.5.5\
[   +1 ms] Found plugin shared_preferences_windows at C:\Users\Study\AppData\Local\Pub\Cache\hosted\pub.dev\shared_preferences_windows-2.4.1\
[   +2 ms] Found plugin path_provider_windows at C:\Users\Study\AppData\Local\Pub\Cache\hosted\pub.dev\path_provider_windows-2.3.0\
[   +5 ms] Found plugin shared_preferences_web at C:\Users\Study\AppData\Local\Pub\Cache\hosted\pub.dev\shared_preferences_web-2.4.3\
[   +1 ms] Found plugin shared_preferences_linux at C:\Users\Study\AppData\Local\Pub\Cache\hosted\pub.dev\shared_preferences_linux-2.4.1\
[   +1 ms] Found plugin path_provider_linux at C:\Users\Study\AppData\Local\Pub\Cache\hosted\pub.dev\path_provider_linux-2.2.1\
[   +2 ms] Found plugin shared_preferences_foundation at C:\Users\Study\AppData\Local\Pub\Cache\hosted\pub.dev\shared_preferences_foundation-2.5.6\
[   +2 ms] Found plugin shared_preferences_android at C:\Users\Study\AppData\Local\Pub\Cache\hosted\pub.dev\shared_preferences_android-2.4.23\
[   +2 ms] Found plugin purchases_flutter at C:\Users\Study\AppData\Local\Pub\Cache\hosted\pub.dev\purchases_flutter-9.16.1\
[  +12 ms] Found plugin permission_handler at C:\Users\Study\AppData\Local\Pub\Cache\hosted\pub.dev\permission_handler-11.4.0\
[   +1 ms] Found plugin permission_handler_windows at C:\Users\Study\AppData\Local\Pub\Cache\hosted\pub.dev\permission_handler_windows-0.2.1\
[   +2 ms] Found plugin permission_handler_html at C:\Users\Study\AppData\Local\Pub\Cache\hosted\pub.dev\permission_handler_html-0.1.3+5\
[   +1 ms] Found plugin permission_handler_apple at C:\Users\Study\AppData\Local\Pub\Cache\hosted\pub.dev\permission_handler_apple-9.4.7\
[   +1 ms] Found plugin permission_handler_android at C:\Users\Study\AppData\Local\Pub\Cache\hosted\pub.dev\permission_handler_android-12.1.0\
[  +19 ms] Found plugin path_provider at C:\Users\Study\AppData\Local\Pub\Cache\hosted\pub.dev\path_provider-2.1.5\
[   +2 ms] Found plugin path_provider_foundation at C:\Users\Study\AppData\Local\Pub\Cache\hosted\pub.dev\path_provider_foundation-2.6.0\
[  +20 ms] Found plugin path_provider_android at C:\Users\Study\AppData\Local\Pub\Cache\hosted\pub.dev\path_provider_android-2.3.1\
[   +6 ms] Found plugin jni_flutter at C:\Users\Study\AppData\Local\Pub\Cache\hosted\pub.dev\jni_flutter-1.0.1\
[   +5 ms] Found plugin jni at C:\Users\Study\AppData\Local\Pub\Cache\hosted\pub.dev\jni-1.0.0\
[   +4 ms] Found plugin open_filex at C:\Users\Study\AppData\Local\Pub\Cache\hosted\pub.dev\open_filex-4.7.0\
[   +5 ms] Found plugin local_notifier at C:\Users\Study\AppData\Local\Pub\Cache\hosted\pub.dev\local_notifier-0.1.6\
[   +4 ms] Found plugin just_audio at C:\Users\Study\AppData\Local\Pub\Cache\hosted\pub.dev\just_audio-0.9.46\
[  +10 ms] Found plugin just_audio_web at C:\Users\Study\AppData\Local\Pub\Cache\hosted\pub.dev\just_audio_web-0.4.16\
[  +12 ms] Found plugin audio_session at C:\Users\Study\AppData\Local\Pub\Cache\hosted\pub.dev\audio_session-0.1.25\
[   +5 ms] Found plugin geolocator at C:\Users\Study\AppData\Local\Pub\Cache\hosted\pub.dev\geolocator-13.0.4\
[   +4 ms] Found plugin geolocator_windows at C:\Users\Study\AppData\Local\Pub\Cache\hosted\pub.dev\geolocator_windows-0.2.5\
[   +8 ms] Found plugin geolocator_web at C:\Users\Study\AppData\Local\Pub\Cache\hosted\pub.dev\geolocator_web-4.1.3\
[   +4 ms] Found plugin geolocator_apple at C:\Users\Study\AppData\Local\Pub\Cache\hosted\pub.dev\geolocator_apple-2.3.13\
[   +3 ms] Found plugin geolocator_android at C:\Users\Study\AppData\Local\Pub\Cache\hosted\pub.dev\geolocator_android-4.6.2\
[   +6 ms] Found plugin flutter_local_notifications at C:\Users\Study\AppData\Local\Pub\Cache\hosted\pub.dev\flutter_local_notifications-17.2.4\
[   +8 ms] Found plugin flutter_local_notifications_linux at C:\Users\Study\AppData\Local\Pub\Cache\hosted\pub.dev\flutter_local_notifications_linux-4.0.1\
[   +5 ms] Found plugin flutter_inappwebview at C:\Users\Study\AppData\Local\Pub\Cache\hosted\pub.dev\flutter_inappwebview-6.0.0\
[   +5 ms] Found plugin flutter_inappwebview_web at C:\Users\Study\AppData\Local\Pub\Cache\hosted\pub.dev\flutter_inappwebview_web-1.1.2\
[  +11 ms] Found plugin flutter_inappwebview_macos at C:\Users\Study\AppData\Local\Pub\Cache\hosted\pub.dev\flutter_inappwebview_macos-1.1.2\
[   +3 ms] Found plugin flutter_inappwebview_ios at C:\Users\Study\AppData\Local\Pub\Cache\hosted\pub.dev\flutter_inappwebview_ios-1.1.2\
[   +4 ms] Found plugin flutter_inappwebview_android at C:\Users\Study\AppData\Local\Pub\Cache\hosted\pub.dev\flutter_inappwebview_android-1.1.3\
[   +8 ms] Found plugin file_picker at C:\Users\Study\AppData\Local\Pub\Cache\hosted\pub.dev\file_picker-8.3.7\
[   +4 ms] Found plugin flutter_plugin_android_lifecycle at C:\Users\Study\AppData\Local\Pub\Cache\hosted\pub.dev\flutter_plugin_android_lifecycle-2.0.34\
[   +9 ms] Found plugin desktop_drop at C:\Users\Study\AppData\Local\Pub\Cache\hosted\pub.dev\desktop_drop-0.7.1\
[  +14 ms] Found plugin audioplayers at C:\Users\Study\AppData\Local\Pub\Cache\hosted\pub.dev\audioplayers-6.6.0\
[   +3 ms] Found plugin audioplayers_windows at C:\Users\Study\AppData\Local\Pub\Cache\hosted\pub.dev\audioplayers_windows-4.3.0\
[   +4 ms] Found plugin audioplayers_web at C:\Users\Study\AppData\Local\Pub\Cache\hosted\pub.dev\audioplayers_web-5.2.0\
[   +2 ms] Found plugin audioplayers_linux at C:\Users\Study\AppData\Local\Pub\Cache\hosted\pub.dev\audioplayers_linux-4.2.1\
[   +2 ms] Found plugin audioplayers_darwin at C:\Users\Study\AppData\Local\Pub\Cache\hosted\pub.dev\audioplayers_darwin-6.4.0\
[   +2 ms] Found plugin audioplayers_android at C:\Users\Study\AppData\Local\Pub\Cache\hosted\pub.dev\audioplayers_android-5.2.1\
[   +2 ms] Found plugin audio_service at C:\Users\Study\AppData\Local\Pub\Cache\hosted\pub.dev\audio_service-0.18.18\
[   +7 ms] Found plugin sqflite at C:\Users\Study\AppData\Local\Pub\Cache\hosted\pub.dev\sqflite-2.4.2+1\
[  +11 ms] Found plugin sqflite_darwin at C:\Users\Study\AppData\Local\Pub\Cache\hosted\pub.dev\sqflite_darwin-2.4.2\
[   +5 ms] Found plugin sqflite_android at C:\Users\Study\AppData\Local\Pub\Cache\hosted\pub.dev\sqflite_android-2.4.2+3\
[   +2 ms] Found plugin audio_service_web at C:\Users\Study\AppData\Local\Pub\Cache\hosted\pub.dev\audio_service_web-0.1.4\
[   +4 ms] Found plugin android_intent_plus at C:\Users\Study\AppData\Local\Pub\Cache\hosted\pub.dev\android_intent_plus-5.3.1\
[ +218 ms] Found plugin window_manager at C:\Users\Study\AppData\Local\Pub\Cache\hosted\pub.dev\window_manager-0.4.3\
[   +1 ms] Found plugin screen_retriever at C:\Users\Study\AppData\Local\Pub\Cache\hosted\pub.dev\screen_retriever-0.2.0\
[   +2 ms] Found plugin screen_retriever_windows at C:\Users\Study\AppData\Local\Pub\Cache\hosted\pub.dev\screen_retriever_windows-0.2.0\
[   +6 ms] Found plugin screen_retriever_macos at C:\Users\Study\AppData\Local\Pub\Cache\hosted\pub.dev\screen_retriever_macos-0.2.0\
[   +3 ms] Found plugin screen_retriever_linux at C:\Users\Study\AppData\Local\Pub\Cache\hosted\pub.dev\screen_retriever_linux-0.2.0\
[   +3 ms] Found plugin webview_windows at C:\Users\Study\AppData\Local\Pub\Cache\hosted\pub.dev\webview_windows-0.2.2\
[   +4 ms] Found plugin wakelock_plus at C:\Users\Study\AppData\Local\Pub\Cache\hosted\pub.dev\wakelock_plus-1.5.2\
[   +7 ms] Found plugin package_info_plus at C:\Users\Study\AppData\Local\Pub\Cache\hosted\pub.dev\package_info_plus-9.0.1\
[  +10 ms] Found plugin video_thumbnail at C:\Users\Study\AppData\Local\Pub\Cache\hosted\pub.dev\video_thumbnail-0.5.6\
[   +2 ms] Found plugin video_player at C:\Users\Study\AppData\Local\Pub\Cache\hosted\pub.dev\video_player-2.11.1\
[   +3 ms] Found plugin video_player_web at C:\Users\Study\AppData\Local\Pub\Cache\hosted\pub.dev\video_player_web-2.4.0\
[   +6 ms] Found plugin video_player_avfoundation at C:\Users\Study\AppData\Local\Pub\Cache\hosted\pub.dev\video_player_avfoundation-2.9.4\
[   +4 ms] Found plugin video_player_android at C:\Users\Study\AppData\Local\Pub\Cache\hosted\pub.dev\video_player_android-2.9.5\
[   +6 ms] Found plugin url_launcher at C:\Users\Study\AppData\Local\Pub\Cache\hosted\pub.dev\url_launcher-6.3.2\
[   +3 ms] Found plugin url_launcher_windows at C:\Users\Study\AppData\Local\Pub\Cache\hosted\pub.dev\url_launcher_windows-3.1.5\
[   +6 ms] Found plugin url_launcher_web at C:\Users\Study\AppData\Local\Pub\Cache\hosted\pub.dev\url_launcher_web-2.4.2\
[   +4 ms] Found plugin url_launcher_macos at C:\Users\Study\AppData\Local\Pub\Cache\hosted\pub.dev\url_launcher_macos-3.2.5\
[   +4 ms] Found plugin url_launcher_linux at C:\Users\Study\AppData\Local\Pub\Cache\hosted\pub.dev\url_launcher_linux-3.2.2\
[   +4 ms] Found plugin url_launcher_ios at C:\Users\Study\AppData\Local\Pub\Cache\hosted\pub.dev\url_launcher_ios-6.4.1\
[   +4 ms] Found plugin url_launcher_android at C:\Users\Study\AppData\Local\Pub\Cache\hosted\pub.dev\url_launcher_android-6.3.29\
[   +4 ms] Found plugin syncfusion_flutter_pdfviewer at C:\Users\Study\AppData\Local\Pub\Cache\hosted\pub.dev\syncfusion_flutter_pdfviewer-28.2.12\
[   +2 ms] Found plugin syncfusion_pdfviewer_windows at C:\Users\Study\AppData\Local\Pub\Cache\hosted\pub.dev\syncfusion_pdfviewer_windows-28.2.12\
[   +2 ms] Found plugin syncfusion_pdfviewer_web at C:\Users\Study\AppData\Local\Pub\Cache\hosted\pub.dev\syncfusion_pdfviewer_web-28.2.12\
[   +6 ms] Found plugin syncfusion_pdfviewer_macos at C:\Users\Study\AppData\Local\Pub\Cache\hosted\pub.dev\syncfusion_pdfviewer_macos-28.2.12\
[   +8 ms] Found plugin device_info_plus at C:\Users\Study\AppData\Local\Pub\Cache\hosted\pub.dev\device_info_plus-11.5.0\
[   +9 ms] Found plugin super_native_extensions at C:\Users\Study\AppData\Local\Pub\Cache\hosted\pub.dev\super_native_extensions-0.9.1\
[   +4 ms] Found plugin irondash_engine_context at C:\Users\Study\AppData\Local\Pub\Cache\hosted\pub.dev\irondash_engine_context-0.5.5\
[   +2 ms] Found plugin speech_to_text at C:\Users\Study\AppData\Local\Pub\Cache\hosted\pub.dev\speech_to_text-7.4.0\
[   +2 ms] Found plugin speech_to_text_windows at C:\Users\Study\AppData\Local\Pub\Cache\hosted\pub.dev\speech_to_text_windows-1.0.1\
[   +5 ms] Found plugin shared_preferences at C:\Users\Study\AppData\Local\Pub\Cache\hosted\pub.dev\shared_preferences-2.5.5\
[   +2 ms] Found plugin shared_preferences_windows at C:\Users\Study\AppData\Local\Pub\Cache\hosted\pub.dev\shared_preferences_windows-2.4.1\
[   +2 ms] Found plugin path_provider_windows at C:\Users\Study\AppData\Local\Pub\Cache\hosted\pub.dev\path_provider_windows-2.3.0\
[   +4 ms] Found plugin shared_preferences_web at C:\Users\Study\AppData\Local\Pub\Cache\hosted\pub.dev\shared_preferences_web-2.4.3\
[   +3 ms] Found plugin shared_preferences_linux at C:\Users\Study\AppData\Local\Pub\Cache\hosted\pub.dev\shared_preferences_linux-2.4.1\
[   +2 ms] Found plugin path_provider_linux at C:\Users\Study\AppData\Local\Pub\Cache\hosted\pub.dev\path_provider_linux-2.2.1\
[   +4 ms] Found plugin shared_preferences_foundation at C:\Users\Study\AppData\Local\Pub\Cache\hosted\pub.dev\shared_preferences_foundation-2.5.6\
[   +2 ms] Found plugin shared_preferences_android at C:\Users\Study\AppData\Local\Pub\Cache\hosted\pub.dev\shared_preferences_android-2.4.23\
[   +2 ms] Found plugin purchases_flutter at C:\Users\Study\AppData\Local\Pub\Cache\hosted\pub.dev\purchases_flutter-9.16.1\
[   +7 ms] Found plugin permission_handler at C:\Users\Study\AppData\Local\Pub\Cache\hosted\pub.dev\permission_handler-11.4.0\
[   +2 ms] Found plugin permission_handler_windows at C:\Users\Study\AppData\Local\Pub\Cache\hosted\pub.dev\permission_handler_windows-0.2.1\
[   +3 ms] Found plugin permission_handler_html at C:\Users\Study\AppData\Local\Pub\Cache\hosted\pub.dev\permission_handler_html-0.1.3+5\
[   +1 ms] Found plugin permission_handler_apple at C:\Users\Study\AppData\Local\Pub\Cache\hosted\pub.dev\permission_handler_apple-9.4.7\
[   +1 ms] Found plugin permission_handler_android at C:\Users\Study\AppData\Local\Pub\Cache\hosted\pub.dev\permission_handler_android-12.1.0\
[  +14 ms] Found plugin path_provider at C:\Users\Study\AppData\Local\Pub\Cache\hosted\pub.dev\path_provider-2.1.5\
[   +2 ms] Found plugin path_provider_foundation at C:\Users\Study\AppData\Local\Pub\Cache\hosted\pub.dev\path_provider_foundation-2.6.0\
[   +9 ms] Found plugin path_provider_android at C:\Users\Study\AppData\Local\Pub\Cache\hosted\pub.dev\path_provider_android-2.3.1\
[   +1 ms] Found plugin jni_flutter at C:\Users\Study\AppData\Local\Pub\Cache\hosted\pub.dev\jni_flutter-1.0.1\
[   +1 ms] Found plugin jni at C:\Users\Study\AppData\Local\Pub\Cache\hosted\pub.dev\jni-1.0.0\
[   +1 ms] Found plugin open_filex at C:\Users\Study\AppData\Local\Pub\Cache\hosted\pub.dev\open_filex-4.7.0\
[   +1 ms] Found plugin local_notifier at C:\Users\Study\AppData\Local\Pub\Cache\hosted\pub.dev\local_notifier-0.1.6\
[   +1 ms] Found plugin just_audio at C:\Users\Study\AppData\Local\Pub\Cache\hosted\pub.dev\just_audio-0.9.46\
[   +3 ms] Found plugin just_audio_web at C:\Users\Study\AppData\Local\Pub\Cache\hosted\pub.dev\just_audio_web-0.4.16\
[   +4 ms] Found plugin audio_session at C:\Users\Study\AppData\Local\Pub\Cache\hosted\pub.dev\audio_session-0.1.25\
[   +1 ms] Found plugin geolocator at C:\Users\Study\AppData\Local\Pub\Cache\hosted\pub.dev\geolocator-13.0.4\
[   +1 ms] Found plugin geolocator_windows at C:\Users\Study\AppData\Local\Pub\Cache\hosted\pub.dev\geolocator_windows-0.2.5\
[   +3 ms] Found plugin geolocator_web at C:\Users\Study\AppData\Local\Pub\Cache\hosted\pub.dev\geolocator_web-4.1.3\
[   +2 ms] Found plugin geolocator_apple at C:\Users\Study\AppData\Local\Pub\Cache\hosted\pub.dev\geolocator_apple-2.3.13\
[   +2 ms] Found plugin geolocator_android at C:\Users\Study\AppData\Local\Pub\Cache\hosted\pub.dev\geolocator_android-4.6.2\
[   +4 ms] Found plugin flutter_local_notifications at C:\Users\Study\AppData\Local\Pub\Cache\hosted\pub.dev\flutter_local_notifications-17.2.4\
[   +3 ms] Found plugin flutter_local_notifications_linux at C:\Users\Study\AppData\Local\Pub\Cache\hosted\pub.dev\flutter_local_notifications_linux-4.0.1\
[   +2 ms] Found plugin flutter_inappwebview at C:\Users\Study\AppData\Local\Pub\Cache\hosted\pub.dev\flutter_inappwebview-6.0.0\
[   +2 ms] Found plugin flutter_inappwebview_web at C:\Users\Study\AppData\Local\Pub\Cache\hosted\pub.dev\flutter_inappwebview_web-1.1.2\
[   +5 ms] Found plugin flutter_inappwebview_macos at C:\Users\Study\AppData\Local\Pub\Cache\hosted\pub.dev\flutter_inappwebview_macos-1.1.2\
[   +2 ms] Found plugin flutter_inappwebview_ios at C:\Users\Study\AppData\Local\Pub\Cache\hosted\pub.dev\flutter_inappwebview_ios-1.1.2\
[   +2 ms] Found plugin flutter_inappwebview_android at C:\Users\Study\AppData\Local\Pub\Cache\hosted\pub.dev\flutter_inappwebview_android-1.1.3\
[   +2 ms] Found plugin file_picker at C:\Users\Study\AppData\Local\Pub\Cache\hosted\pub.dev\file_picker-8.3.7\
[   +2 ms] Found plugin flutter_plugin_android_lifecycle at C:\Users\Study\AppData\Local\Pub\Cache\hosted\pub.dev\flutter_plugin_android_lifecycle-2.0.34\
[   +5 ms] Found plugin desktop_drop at C:\Users\Study\AppData\Local\Pub\Cache\hosted\pub.dev\desktop_drop-0.7.1\
[   +8 ms] Found plugin audioplayers at C:\Users\Study\AppData\Local\Pub\Cache\hosted\pub.dev\audioplayers-6.6.0\
[   +2 ms] Found plugin audioplayers_windows at C:\Users\Study\AppData\Local\Pub\Cache\hosted\pub.dev\audioplayers_windows-4.3.0\
[   +3 ms] Found plugin audioplayers_web at C:\Users\Study\AppData\Local\Pub\Cache\hosted\pub.dev\audioplayers_web-5.2.0\
[   +1 ms] Found plugin audioplayers_linux at C:\Users\Study\AppData\Local\Pub\Cache\hosted\pub.dev\audioplayers_linux-4.2.1\
[   +2 ms] Found plugin audioplayers_darwin at C:\Users\Study\AppData\Local\Pub\Cache\hosted\pub.dev\audioplayers_darwin-6.4.0\
[   +1 ms] Found plugin audioplayers_android at C:\Users\Study\AppData\Local\Pub\Cache\hosted\pub.dev\audioplayers_android-5.2.1\
[   +2 ms] Found plugin audio_service at C:\Users\Study\AppData\Local\Pub\Cache\hosted\pub.dev\audio_service-0.18.18\
[   +8 ms] Found plugin sqflite at C:\Users\Study\AppData\Local\Pub\Cache\hosted\pub.dev\sqflite-2.4.2+1\
[   +9 ms] Found plugin sqflite_darwin at C:\Users\Study\AppData\Local\Pub\Cache\hosted\pub.dev\sqflite_darwin-2.4.2\
[   +3 ms] Found plugin sqflite_android at C:\Users\Study\AppData\Local\Pub\Cache\hosted\pub.dev\sqflite_android-2.4.2+3\
[   +3 ms] Found plugin audio_service_web at C:\Users\Study\AppData\Local\Pub\Cache\hosted\pub.dev\audio_service_web-0.1.4\
[   +3 ms] Found plugin android_intent_plus at C:\Users\Study\AppData\Local\Pub\Cache\hosted\pub.dev\android_intent_plus-5.3.1\
[  +29 ms] Generating C:\Users\Study\mindmap_app_out\android\app\src\main\java\io\flutter\plugins\GeneratedPluginRegistrant.java
[  +18 ms] Skipping generating GeneratedPluginRegistrant.java because it is up-to-date.
[  +12 ms] Skipping generating generated_plugin_registrant.h because it is up-to-date.
[   +3 ms] Skipping generating generated_plugin_registrant.cc because it is up-to-date.
[   +3 ms] Skipping generating generated_plugins.cmake because it is up-to-date.
[ +101 ms] executing: C:\Program Files (x86)\Microsoft Visual Studio\Installer\vswhere.exe -format json -products * -utf8 -latest -version 16 -requires Microsoft.VisualStudio.Workload.NativeDesktop Microsoft.VisualStudio.Component.VC.Tools.x86.x64 Microsoft.VisualStudio.Component.VC.CMake.Project
[  +98 ms] Exit code 0 from: C:\Program Files (x86)\Microsoft Visual Studio\Installer\vswhere.exe -format json -products * -utf8 -latest -version 16 -requires Microsoft.VisualStudio.Workload.NativeDesktop Microsoft.VisualStudio.Component.VC.Tools.x86.x64 Microsoft.VisualStudio.Component.VC.CMake.Project
[        ] [
             {
               "instanceId": "64f5339c",
               "installDate": "2024-10-29T20:26:19Z",
               "installationName": "VisualStudio/17.11.5+35327.3",
               "installationPath": "C:\\Program Files\\Microsoft Visual Studio\\2022\\Community",
               "installationVersion": "17.11.35327.3",
               "productId": "Microsoft.VisualStudio.Product.Community",
               "productPath": "C:\\Program Files\\Microsoft Visual Studio\\2022\\Community\\Common7\\IDE\\devenv.exe",
               "state": 4294967295,
               "isComplete": true,
               "isLaunchable": true,
               "isPrerelease": false,
               "isRebootRequired": false,
               "displayName": "Visual Studio Community 2022",
               "description": "学生、オープンソースの共同作成者、個人用の無料で強力な IDE",
               "channelId": "VisualStudio.17.Release",
               "channelUri": "https://aka.ms/vs/17/release/channel",
               "enginePath": "C:\\Program Files (x86)\\Microsoft Visual Studio\\Installer\\resources\\app\\ServiceHub\\Services\\Microsoft.VisualStudio.Setup.Service",
               "installedChannelId": "VisualStudio.17.Release",
               "installedChannelUri": "https://aka.ms/vs/17/release/channel",
               "releaseNotes": "https://docs.microsoft.com/en-us/visualstudio/releases/2022/release-notes-v17.11#17.11.5",
               "resolvedInstallationPath": "C:\\Program Files\\Microsoft Visual Studio\\2022\\Community",
               "thirdPartyNotices": "https://go.microsoft.com/fwlink/?LinkId=661288",
               "updateDate": "2024-10-29T20:26:19.9202238Z",
               "catalog": {
                 "buildBranch": "d17.11",
                 "buildVersion": "17.11.35327.3",
                 "id": "VisualStudio/17.11.5+35327.3",
                 "localBuild": "build-lab",
                 "manifestName": "VisualStudio",
                 "manifestType": "installer",
                 "productDisplayVersion": "17.11.5",
                 "productLine": "Dev17",
                 "productLineVersion": "2022",
                 "productMilestone": "RTW",
                 "productMilestoneIsPreRelease": "False",
                 "productName": "Visual Studio",
                 "productPatchVersion": "5",
                 "productPreReleaseMilestoneSuffix": "1.0",
                 "productSemanticVersion": "17.11.5+35327.3",
                 "requiredEngineVersion": "3.11.2180.21897"
               },
               "properties": {
                 "campaignId": "2030:a38232072680489fa092ba033b131643",
                 "channelManifestId": "VisualStudio.17.Release/17.11.5+35327.3",
                 "includeRecommended": "1",
                 "nickname": "",
                 "setupEngineFilePath": "C:\\Program Files (x86)\\Microsoft Visual Studio\\Installer\\setup.exe"
               }
             }
           ]
[   +7 ms] Building Windows application...
[   +5 ms] executing: C:\Program Files\Microsoft Visual Studio\2022\Community\Common7\IDE\CommonExtensions\Microsoft\CMake\CMake\bin\cmake.exe -S C:\Users\Study\mindmap_app_out\windows -B C:\Users\Study\mindmap_app_out\build\windows\x64 -G Visual Studio 17 2022 -A x64 -DFLUTTER_TARGET_PLATFORM=windows-x64
[ +109 ms] -- Selecting Windows SDK version 10.0.22621.0 to target Windows 10.0.26200.
[+1648 ms] Feeds used:
[        ]   C:\Users\Study\.nuget\packages\
[        ]   https://api.nuget.org/v3/index.json
[        ]   C:\Program Files (x86)\Microsoft SDKs\NuGetPackages\
[ +295 ms] より新しいバージョン "Microsoft.Windows.ImplementationLibrary.1.0.220914.1" が既にインストールされているため、パッケージ "Microsoft.Windows.ImplementationLibrary.1.0.210803.1" のインストールはスキップします。
[ +963 ms] Feeds used:
[        ]   C:\Users\Study\.nuget\packages\
[        ]   https://api.nuget.org/v3/index.json
[        ]   C:\Program Files (x86)\Microsoft SDKs\NuGetPackages\
[  +88 ms] パッケージ "Microsoft.Windows.CppWinRT.2.0.220418.1" は既にインストールされています。
[+3029 ms] Feeds used:
[        ]   C:\Users\Study\.nuget\packages\
[        ]   https://api.nuget.org/v3/index.json
[        ]   C:\Program Files (x86)\Microsoft SDKs\NuGetPackages\
[ +445 ms] パッケージ "Microsoft.Windows.CppWinRT.2.0.210806.1" は既にインストールされています。
[+4278 ms] cppwinrt : error ios_base::failbit set: iostream stream error: iostream stream error: "C:\Users\Study\mindmap_app_out\build\windows\x64\include\winrt/base.h"
[   +7 ms] CMake Error at flutter/ephemeral/.plugin_symlinks/permission_handler_windows/windows/CMakeLists.txt:38 (message):
[        ]   Failed to run cppwinrt.exe
[        ] -- Configuring incomplete, errors occurred!
[  +27 ms] Building Windows application... (completed in 10.9s)
[   +1 ms] "flutter windows" took 12,628ms.
[ +210 ms] Unable to generate build files
[   +1 ms] 
           #0      throwToolExit (package:flutter_tools/src/base/common.dart:34:3)
           #1      _runCmakeGeneration (package:flutter_tools/src/windows/build_windows.dart:209:5)
           <asynchronous suspension>
           #2      buildWindows (package:flutter_tools/src/windows/build_windows.dart:105:5)
           <asynchronous suspension>
           #3      BuildWindowsCommand.runCommand (package:flutter_tools/src/commands/build_windows.dart:72:5)
           <asynchronous suspension>
           #4      FlutterCommand.run.<anonymous closure> (package:flutter_tools/src/runner/flutter_command.dart:1590:27)
           <asynchronous suspension>
           #5      AppContext.run.<anonymous closure> (package:flutter_tools/src/base/context.dart:154:19)
           <asynchronous suspension>
           #6      CommandRunner.runCommand (package:args/command_runner.dart:212:13)
           <asynchronous suspension>
           #7      FlutterCommandRunner.runCommand.<anonymous closure> (package:flutter_tools/src/runner/flutter_command_runner.dart:496:9)
           <asynchronous suspension>
           #8      AppContext.run.<anonymous closure> (package:flutter_tools/src/base/context.dart:154:19)
           <asynchronous suspension>
           #9      FlutterCommandRunner.runCommand (package:flutter_tools/src/runner/flutter_command_runner.dart:431:5)
           <asynchronous suspension>
           #10     FlutterCommandRunner.run.<anonymous closure> (package:flutter_tools/src/runner/flutter_command_runner.dart:307:33)
           <asynchronous suspension>
           #11     run.<anonymous closure>.<anonymous closure> (package:flutter_tools/runner.dart:104:11)
           <asynchronous suspension>
           #12     AppContext.run.<anonymous closure> (package:flutter_tools/src/base/context.dart:154:19)
           <asynchronous suspension>
           #13     main (package:flutter_tools/executable.dart:103:3)
           <asynchronous suspension>


[   +1 ms] Running 1 shutdown hook
[   +6 ms] Shutdown hooks complete
[ +286 ms] exiting with code 1
